<?xml version="1.0" encoding="UTF-8"?>
<!-- Generated by org.testng.reporters.JUnitXMLReporter -->
<testsuite ignored="0" hostname="Anand" failures="0" tests="2" name="Test2" time="0.013" errors="0" timestamp="2025-12-14T13:54:02 IST">
  <testcase classname="ParallelExecution.TC02" name="SearchToys" time="0.0">
    <skipped/>
  </testcase> <!-- SearchToys -->
  <testcase classname="ParallelExecution.TC01" name="SearchShoes" time="0.0">
    <skipped/>
  </testcase> <!-- SearchShoes -->
</testsuite> <!-- Test2 -->
