<?xml version="1.0" encoding="UTF-8"?>
<!-- Generated by org.testng.reporters.JUnitXMLReporter -->
<testsuite ignored="0" hostname="Anand" failures="0" tests="4" name="Test" time="7.876" errors="0" timestamp="2025-12-16T03:27:47 IST">
  <testcase classname="TestScripts.AnnotationExample" name="testLoginFailure" time="0.015"/>
  <testcase classname="TestScripts.AnnotationExample" name="testLoginSuccess" time="0.003"/>
  <testcase classname="TestScripts.AnnotationExample2" name="testLoginFailure" time="0.001"/>
  <testcase classname="TestScripts.AnnotationExample2" name="testLoginSuccess" time="0.002"/>
</testsuite> <!-- Test -->
