<?xml version="1.0" encoding="UTF-8"?>
<testng-results ignored="0" total="1" passed="1" failed="0" skipped="0">
  <reporter-output>
  </reporter-output>
  <suite started-at="2025-12-10T09:39:53 IST" name="Default suite" finished-at="2025-12-10T09:40:05 IST" duration-ms="12415">
    <groups>
    </groups>
    <test started-at="2025-12-10T09:39:53 IST" name="Default test" finished-at="2025-12-10T09:40:05 IST" duration-ms="12415">
      <class name="testngScript.TC08_BrokenLink">
        <test-method signature="brokLink()[pri:0, instance:testngScript.TC08_BrokenLink@3754a4bf]" started-at="2025-12-10T09:39:53 IST" name="brokLink" finished-at="2025-12-10T09:40:05 IST" duration-ms="12365" status="PASS">
          <reporter-output>
          </reporter-output>
        </test-method> <!-- brokLink -->
      </class> <!-- testngScript.TC08_BrokenLink -->
    </test> <!-- Default test -->
  </suite> <!-- Default suite -->
</testng-results>
