<?xml version="1.0" encoding="UTF-8"?>
<!-- Generated by org.testng.reporters.JUnitReportReporter -->
<testsuite hostname="Anand" failures="0" tests="2" name="TestScripts.AnnotationExample" time="2.275" errors="0" timestamp="2025-12-16T03:27:47 IST" skipped="0">
  <testcase classname="TestScripts.AnnotationExample" name="testLoginSuccess" time="1.536"/>
  <testcase classname="TestScripts.AnnotationExample" name="testLoginFailure" time="0.739"/>
</testsuite> <!-- TestScripts.AnnotationExample -->
