<?xml version="1.0" encoding="UTF-8"?>
<!-- Generated by org.testng.reporters.JUnitReportReporter -->
<testsuite hostname="Anand" failures="0" tests="2" name="TestScripts.AnnotationExample2" time="2.412" errors="0" timestamp="2025-12-16T03:27:47 IST" skipped="0">
  <testcase classname="TestScripts.AnnotationExample2" name="testLoginFailure" time="1.463"/>
  <testcase classname="TestScripts.AnnotationExample2" name="testLoginSuccess" time="0.949"/>
</testsuite> <!-- TestScripts.AnnotationExample2 -->
