<?xml version="1.0" encoding="UTF-8"?>
<!-- Generated by org.testng.reporters.JUnitReportReporter -->
<testsuite hostname="Anand" failures="0" tests="2" name="testngScript.TestNGSeleniumExample" time="9.265" errors="0" timestamp="2025-12-09T22:33:09 IST" skipped="0">
  <testcase classname="testngScript.TestNGSeleniumExample" name="testGoogleTitle" time="7.254"/>
  <testcase classname="testngScript.TestNGSeleniumExample" name="testFacebookTitle" time="2.011"/>
</testsuite> <!-- testngScript.TestNGSeleniumExample -->
